297433714
89938215
467043499
169761835
23523453
149320354
189748503
217600725
248715121
5187903
964309815
5607885
10013932
115873942
404931967
29779455
344617819
104994663
359350389
1096459263
78358023
877042918
139178127
36541066
31067085
405748147
896766238
802896147
698377195
44015590
439835889
15135529
21786319
9851878
763901371
823608475
143028639
640356967
462660579
30258319
224846175
78625425
308368714
262639047
713351757
45653655
17189991
6026589
29043595
1020368991
